Arguments: 
  /usr/local/bin/node /usr/local/bin/yarn add native-base --save

PATH: 
  /usr/local/bin:/usr/bin:/bin:/usr/sbin:/sbin

Yarn version: 
  1.10.1

Node version: 
  8.9.3

Platform: 
  darwin x64

Trace: 
  Error: EACCES: permission denied, mkdir '/Users/admin/Documents/RedNavis/RNDemo/node_modules/@babel/highlight/node_modules/ansi-styles'

npm manifest: 
  {
    "name": "empty-project-template",
    "main": "node_modules/expo/AppEntry.js",
    "private": true,
    "scripts": {
      "start": "expo start",
      "android": "expo start --android",
      "ios": "expo start --ios",
      "eject": "expo eject"
    },
    "dependencies": {
      "expo": "^30.0.1",
      "react": "16.3.1",
      "react-native": "https://github.com/expo/react-native/archive/sdk-30.0.0.tar.gz",
      "react-native-maps": "^0.21.0",
      "react-navigation": "^2.17.0"
    }
  }

yarn manifest: 
  No manifest

Lockfile: 
  No lockfile
